<?xml version="1.0" encoding="UTF-8"?>
<Site BuildName="Darwin-c++"
	BuildStamp="20230929-0759-Experimental"
	Name="Bences-MacBook-Pro.local"
	Generator="ctest-3.27.4"
	CompilerName="/Library/Developer/CommandLineTools/usr/bin/c++"
	CompilerVersion="14.0.3.14030022"
	OSName="macOS"
	Hostname="Bences-MacBook-Pro.local"
	OSRelease="13.2.1"
	OSVersion="22D68"
	OSPlatform="arm64"
	Is64Bits="1"
	VendorString="IBM"
	VendorID="IBM"
	FamilyID="16777228"
	ModelID="2"
	ProcessorCacheSize="131072"
	NumberOfLogicalCPU="8"
	NumberOfPhysicalCPU="8"
	TotalVirtualMemory="2048"
	TotalPhysicalMemory="16384"
	LogicalProcessorsPerPhysical="8"
	ProcessorClockFrequency="0"
	>
	<Testing>
		<StartDateTime>Sep 29 09:59 CEST</StartDateTime>
		<StartTestTime>1695974397</StartTestTime>
		<TestList/>
		<EndDateTime>Sep 29 09:59 CEST</EndDateTime>
		<EndTestTime>1695974397</EndTestTime>
		<ElapsedMinutes>0</ElapsedMinutes>
	</Testing>
</Site>
